build/app/intermediates/manifest_merge_blame_file/debug/manifest-merger-blame-debug-report.txt
1<?xml version="1.0" encoding="utf-8"?>
2<manifest xmlns:android="http://schemas.android.com/apk/res/android"
3    package="com.example.demo"
4    android:versionCode="1"
5    android:versionName="1.0.0" >
6
7    <uses-sdk
8        android:minSdkVersion="17"
9        android:targetSdkVersion="30" />
10    <!--
11         Flutter needs it to communicate with the running application
12         to allow setting breakpoints, to provide hot reload, etc.
13    -->
14    <uses-permission android:name="android.permission.INTERNET" />
14-->src/debug/AndroidManifest.xml:6:5-66
14-->src/debug/AndroidManifest.xml:6:22-64
15    <uses-permission android:name="android.permission.READ_EXTERNAL_STORAGE" />
15-->src/main/AndroidManifest.xml:3:5-79
15-->src/main/AndroidManifest.xml:3:22-77
16    <uses-permission android:name="android.permission.WRITE_EXTERNAL_STORAGE" />
16-->[:image_picker] AndroidManifest.xml:8:5-81
16-->[:image_picker] AndroidManifest.xml:8:22-78
17    <uses-permission android:name="android.permission.REQUEST_INSTALL_PACKAGES" />
17-->[:open_file] AndroidManifest.xml:8:5-83
17-->[:open_file] AndroidManifest.xml:8:22-80
18    <uses-permission android:name="android.permission.WAKE_LOCK" />
18-->[androidx.work:work-runtime:2.4.0] AndroidManifest.xml:25:5-68
18-->[androidx.work:work-runtime:2.4.0] AndroidManifest.xml:25:22-65
19    <uses-permission android:name="android.permission.ACCESS_NETWORK_STATE" />
19-->[androidx.work:work-runtime:2.4.0] AndroidManifest.xml:26:5-79
19-->[androidx.work:work-runtime:2.4.0] AndroidManifest.xml:26:22-76
20    <uses-permission android:name="android.permission.RECEIVE_BOOT_COMPLETED" />
20-->[androidx.work:work-runtime:2.4.0] AndroidManifest.xml:27:5-81
20-->[androidx.work:work-runtime:2.4.0] AndroidManifest.xml:27:22-78
21    <uses-permission android:name="android.permission.FOREGROUND_SERVICE" />
21-->[androidx.work:work-runtime:2.4.0] AndroidManifest.xml:28:5-77
21-->[androidx.work:work-runtime:2.4.0] AndroidManifest.xml:28:22-74
22
23    <application
23-->src/main/AndroidManifest.xml:4:4-98:19
24        android:name="io.flutter.app.FlutterApplication"
24-->src/main/AndroidManifest.xml:6:9-57
25        android:appComponentFactory="androidx.core.app.CoreComponentFactory"
25-->[androidx.core:core:1.3.1] AndroidManifest.xml:24:18-86
26        android:debuggable="true"
27        android:icon="@mipmap/ic_launcher"
27-->src/main/AndroidManifest.xml:8:9-43
28        android:label="Transfer"
28-->src/main/AndroidManifest.xml:7:9-33
29        android:networkSecurityConfig="@xml/network_security_config" >
29-->src/main/AndroidManifest.xml:5:9-69
30        <activity
30-->src/main/AndroidManifest.xml:9:9-92:20
31            android:name="com.example.demo.MainActivity"
31-->src/main/AndroidManifest.xml:10:13-41
32            android:configChanges="orientation|keyboardHidden|keyboard|screenSize|smallestScreenSize|locale|layoutDirection|fontScale|screenLayout|density|uiMode"
32-->src/main/AndroidManifest.xml:13:13-163
33            android:hardwareAccelerated="true"
33-->src/main/AndroidManifest.xml:14:13-47
34            android:launchMode="singleTop"
34-->src/main/AndroidManifest.xml:11:13-43
35            android:theme="@style/LaunchTheme"
35-->src/main/AndroidManifest.xml:12:13-47
36            android:windowSoftInputMode="adjustResize" >
36-->src/main/AndroidManifest.xml:15:13-55
37
38            <!--
39                 Specifies an Android theme to apply to this Activity as soon as
40                 the Android process has started. This theme is visible to the user
41                 while the Flutter UI initializes. After that, this theme continues
42                 to determine the Window background behind the Flutter UI.
43            -->
44            <meta-data
44-->src/main/AndroidManifest.xml:20:13-23:17
45                android:name="io.flutter.embedding.android.NormalTheme"
45-->src/main/AndroidManifest.xml:21:15-70
46                android:resource="@style/NormalTheme" />
46-->src/main/AndroidManifest.xml:22:15-52
47            <!--
48                 Displays an Android View that continues showing the launch screen
49                 Drawable until Flutter paints its first frame, then this splash
50                 screen fades out. A splash screen is useful to avoid any visual
51                 gap between the end of Android's launch screen and the painting of
52                 Flutter's first frame.
53            -->
54            <meta-data
54-->src/main/AndroidManifest.xml:29:13-32:17
55                android:name="io.flutter.embedding.android.SplashScreenDrawable"
55-->src/main/AndroidManifest.xml:30:15-79
56                android:resource="@drawable/launch_background" />
56-->src/main/AndroidManifest.xml:31:15-61
57
58            <intent-filter>
58-->src/main/AndroidManifest.xml:33:13-36:29
59                <action android:name="android.intent.action.MAIN" />
59-->src/main/AndroidManifest.xml:34:17-68
59-->src/main/AndroidManifest.xml:34:25-66
60
61                <category android:name="android.intent.category.LAUNCHER" />
61-->src/main/AndroidManifest.xml:35:17-76
61-->src/main/AndroidManifest.xml:35:27-74
62            </intent-filter>
63            <intent-filter>
63-->src/main/AndroidManifest.xml:38:13-47:29
64                <action android:name="android.intent.action.VIEW" />
64-->src/main/AndroidManifest.xml:39:17-69
64-->src/main/AndroidManifest.xml:39:25-66
65
66                <category android:name="android.intent.category.DEFAULT" />
66-->src/main/AndroidManifest.xml:40:17-76
66-->src/main/AndroidManifest.xml:40:27-73
67                <category android:name="android.intent.category.BROWSABLE" />
67-->src/main/AndroidManifest.xml:41:17-78
67-->src/main/AndroidManifest.xml:41:27-75
68                <!-- TODO:  Add this filter, if you want support opening urls into your app -->
69                <data
69-->src/main/AndroidManifest.xml:43:17-46:51
70                    android:host="example.com"
70-->src/main/AndroidManifest.xml:45:21-47
71                    android:pathPrefix="/invite"
71-->src/main/AndroidManifest.xml:46:21-49
72                    android:scheme="https" />
72-->src/main/AndroidManifest.xml:44:21-43
73            </intent-filter>
74
75            <!-- TODO: Add this filter, if you want to support sharing text into your app -->
76            <intent-filter>
76-->src/main/AndroidManifest.xml:50:13-54:29
77                <action android:name="android.intent.action.SEND" />
77-->src/main/AndroidManifest.xml:51:17-69
77-->src/main/AndroidManifest.xml:51:25-66
78
79                <category android:name="android.intent.category.DEFAULT" />
79-->src/main/AndroidManifest.xml:40:17-76
79-->src/main/AndroidManifest.xml:40:27-73
80
81                <data android:mimeType="text/*" />
81-->src/main/AndroidManifest.xml:43:17-46:51
82            </intent-filter>
83
84            <!-- TODO: Add this filter, if you want to support sharing images into your app -->
85            <intent-filter>
85-->src/main/AndroidManifest.xml:57:13-61:29
86                <action android:name="android.intent.action.SEND" />
86-->src/main/AndroidManifest.xml:51:17-69
86-->src/main/AndroidManifest.xml:51:25-66
87
88                <category android:name="android.intent.category.DEFAULT" />
88-->src/main/AndroidManifest.xml:40:17-76
88-->src/main/AndroidManifest.xml:40:27-73
89
90                <data android:mimeType="image/*" />
90-->src/main/AndroidManifest.xml:43:17-46:51
91            </intent-filter>
92            <intent-filter>
92-->src/main/AndroidManifest.xml:63:13-67:29
93                <action android:name="android.intent.action.SEND_MULTIPLE" />
93-->src/main/AndroidManifest.xml:64:17-78
93-->src/main/AndroidManifest.xml:64:25-75
94
95                <category android:name="android.intent.category.DEFAULT" />
95-->src/main/AndroidManifest.xml:40:17-76
95-->src/main/AndroidManifest.xml:40:27-73
96
97                <data android:mimeType="image/*" />
97-->src/main/AndroidManifest.xml:43:17-46:51
98            </intent-filter>
99
100            <!-- TODO: Add this filter, if you want to support sharing videos into your app -->
101            <intent-filter>
101-->src/main/AndroidManifest.xml:70:13-74:29
102                <action android:name="android.intent.action.SEND" />
102-->src/main/AndroidManifest.xml:51:17-69
102-->src/main/AndroidManifest.xml:51:25-66
103
104                <category android:name="android.intent.category.DEFAULT" />
104-->src/main/AndroidManifest.xml:40:17-76
104-->src/main/AndroidManifest.xml:40:27-73
105
106                <data android:mimeType="video/*" />
106-->src/main/AndroidManifest.xml:43:17-46:51
107            </intent-filter>
108            <intent-filter>
108-->src/main/AndroidManifest.xml:75:13-79:29
109                <action android:name="android.intent.action.SEND_MULTIPLE" />
109-->src/main/AndroidManifest.xml:64:17-78
109-->src/main/AndroidManifest.xml:64:25-75
110
111                <category android:name="android.intent.category.DEFAULT" />
111-->src/main/AndroidManifest.xml:40:17-76
111-->src/main/AndroidManifest.xml:40:27-73
112
113                <data android:mimeType="video/*" />
113-->src/main/AndroidManifest.xml:43:17-46:51
114            </intent-filter>
115
116            <!-- TODO: Add this filter, if you want to support sharing any type of files -->
117            <intent-filter>
117-->src/main/AndroidManifest.xml:82:13-86:29
118                <action android:name="android.intent.action.SEND" />
118-->src/main/AndroidManifest.xml:51:17-69
118-->src/main/AndroidManifest.xml:51:25-66
119
120                <category android:name="android.intent.category.DEFAULT" />
120-->src/main/AndroidManifest.xml:40:17-76
120-->src/main/AndroidManifest.xml:40:27-73
121
122                <data android:mimeType="*/*" />
122-->src/main/AndroidManifest.xml:43:17-46:51
123            </intent-filter>
124            <intent-filter>
124-->src/main/AndroidManifest.xml:87:13-91:29
125                <action android:name="android.intent.action.SEND_MULTIPLE" />
125-->src/main/AndroidManifest.xml:64:17-78
125-->src/main/AndroidManifest.xml:64:25-75
126
127                <category android:name="android.intent.category.DEFAULT" />
127-->src/main/AndroidManifest.xml:40:17-76
127-->src/main/AndroidManifest.xml:40:27-73
128
129                <data android:mimeType="*/*" />
129-->src/main/AndroidManifest.xml:43:17-46:51
130            </intent-filter>
131        </activity>
132        <!--
133             Don't delete the meta-data below.
134             This is used by the Flutter tool to generate GeneratedPluginRegistrant.java
135        -->
136        <meta-data
136-->src/main/AndroidManifest.xml:95:9-97:33
137            android:name="flutterEmbedding"
137-->src/main/AndroidManifest.xml:96:13-44
138            android:value="2" />
138-->src/main/AndroidManifest.xml:97:13-30
139
140        <provider
140-->[:image_picker] AndroidManifest.xml:11:9-19:20
141            android:name="io.flutter.plugins.imagepicker.ImagePickerFileProvider"
141-->[:image_picker] AndroidManifest.xml:12:13-82
142            android:authorities="com.example.demo.flutter.image_provider"
142-->[:image_picker] AndroidManifest.xml:13:13-74
143            android:exported="false"
143-->[:image_picker] AndroidManifest.xml:14:13-37
144            android:grantUriPermissions="true" >
144-->[:image_picker] AndroidManifest.xml:15:13-47
145            <meta-data
145-->[:image_picker] AndroidManifest.xml:16:13-18:75
146                android:name="android.support.FILE_PROVIDER_PATHS"
146-->[:image_picker] AndroidManifest.xml:17:17-67
147                android:resource="@xml/flutter_image_picker_file_paths" />
147-->[:image_picker] AndroidManifest.xml:18:17-72
148        </provider>
149        <provider
149-->[:open_file] AndroidManifest.xml:12:9-21:20
150            android:name="com.crazecoder.openfile.FileProvider"
150-->[:open_file] AndroidManifest.xml:13:13-64
151            android:authorities="com.example.demo.fileProvider.com.crazecoder.openfile"
151-->[:open_file] AndroidManifest.xml:14:13-88
152            android:exported="false"
152-->[:open_file] AndroidManifest.xml:15:13-37
153            android:grantUriPermissions="true" >
153-->[:open_file] AndroidManifest.xml:16:13-47
154            <meta-data
154-->[:image_picker] AndroidManifest.xml:16:13-18:75
155                android:name="android.support.FILE_PROVIDER_PATHS"
155-->[:image_picker] AndroidManifest.xml:17:17-67
156                android:resource="@xml/filepaths" />
156-->[:image_picker] AndroidManifest.xml:18:17-72
157        </provider>
158        <provider
158-->[androidx.work:work-runtime:2.4.0] AndroidManifest.xml:31:9-37:35
159            android:name="androidx.work.impl.WorkManagerInitializer"
159-->[androidx.work:work-runtime:2.4.0] AndroidManifest.xml:32:13-69
160            android:authorities="com.example.demo.workmanager-init"
160-->[androidx.work:work-runtime:2.4.0] AndroidManifest.xml:33:13-68
161            android:directBootAware="false"
161-->[androidx.work:work-runtime:2.4.0] AndroidManifest.xml:34:13-44
162            android:exported="false"
162-->[androidx.work:work-runtime:2.4.0] AndroidManifest.xml:35:13-37
163            android:multiprocess="true" />
163-->[androidx.work:work-runtime:2.4.0] AndroidManifest.xml:36:13-40
164
165        <service
165-->[androidx.work:work-runtime:2.4.0] AndroidManifest.xml:39:9-44:35
166            android:name="androidx.work.impl.background.systemalarm.SystemAlarmService"
166-->[androidx.work:work-runtime:2.4.0] AndroidManifest.xml:40:13-88
167            android:directBootAware="false"
167-->[androidx.work:work-runtime:2.4.0] AndroidManifest.xml:41:13-44
168            android:enabled="@bool/enable_system_alarm_service_default"
168-->[androidx.work:work-runtime:2.4.0] AndroidManifest.xml:42:13-72
169            android:exported="false" />
169-->[androidx.work:work-runtime:2.4.0] AndroidManifest.xml:43:13-37
170        <service
170-->[androidx.work:work-runtime:2.4.0] AndroidManifest.xml:45:9-51:35
171            android:name="androidx.work.impl.background.systemjob.SystemJobService"
171-->[androidx.work:work-runtime:2.4.0] AndroidManifest.xml:46:13-84
172            android:directBootAware="false"
172-->[androidx.work:work-runtime:2.4.0] AndroidManifest.xml:47:13-44
173            android:enabled="@bool/enable_system_job_service_default"
173-->[androidx.work:work-runtime:2.4.0] AndroidManifest.xml:48:13-70
174            android:exported="true"
174-->[androidx.work:work-runtime:2.4.0] AndroidManifest.xml:49:13-36
175            android:permission="android.permission.BIND_JOB_SERVICE" />
175-->[androidx.work:work-runtime:2.4.0] AndroidManifest.xml:50:13-69
176        <service
176-->[androidx.work:work-runtime:2.4.0] AndroidManifest.xml:52:9-57:35
177            android:name="androidx.work.impl.foreground.SystemForegroundService"
177-->[androidx.work:work-runtime:2.4.0] AndroidManifest.xml:53:13-81
178            android:directBootAware="false"
178-->[androidx.work:work-runtime:2.4.0] AndroidManifest.xml:54:13-44
179            android:enabled="@bool/enable_system_foreground_service_default"
179-->[androidx.work:work-runtime:2.4.0] AndroidManifest.xml:55:13-77
180            android:exported="false" />
180-->[androidx.work:work-runtime:2.4.0] AndroidManifest.xml:56:13-37
181
182        <receiver
182-->[androidx.work:work-runtime:2.4.0] AndroidManifest.xml:59:9-64:35
183            android:name="androidx.work.impl.utils.ForceStopRunnable$BroadcastReceiver"
183-->[androidx.work:work-runtime:2.4.0] AndroidManifest.xml:60:13-88
184            android:directBootAware="false"
184-->[androidx.work:work-runtime:2.4.0] AndroidManifest.xml:61:13-44
185            android:enabled="true"
185-->[androidx.work:work-runtime:2.4.0] AndroidManifest.xml:62:13-35
186            android:exported="false" />
186-->[androidx.work:work-runtime:2.4.0] AndroidManifest.xml:63:13-37
187        <receiver
187-->[androidx.work:work-runtime:2.4.0] AndroidManifest.xml:65:9-75:20
188            android:name="androidx.work.impl.background.systemalarm.ConstraintProxy$BatteryChargingProxy"
188-->[androidx.work:work-runtime:2.4.0] AndroidManifest.xml:66:13-106
189            android:directBootAware="false"
189-->[androidx.work:work-runtime:2.4.0] AndroidManifest.xml:67:13-44
190            android:enabled="false"
190-->[androidx.work:work-runtime:2.4.0] AndroidManifest.xml:68:13-36
191            android:exported="false" >
191-->[androidx.work:work-runtime:2.4.0] AndroidManifest.xml:69:13-37
192            <intent-filter>
192-->[androidx.work:work-runtime:2.4.0] AndroidManifest.xml:71:13-74:29
193                <action android:name="android.intent.action.ACTION_POWER_CONNECTED" />
193-->[androidx.work:work-runtime:2.4.0] AndroidManifest.xml:72:17-87
193-->[androidx.work:work-runtime:2.4.0] AndroidManifest.xml:72:25-84
194                <action android:name="android.intent.action.ACTION_POWER_DISCONNECTED" />
194-->[androidx.work:work-runtime:2.4.0] AndroidManifest.xml:73:17-90
194-->[androidx.work:work-runtime:2.4.0] AndroidManifest.xml:73:25-87
195            </intent-filter>
196        </receiver>
197        <receiver
197-->[androidx.work:work-runtime:2.4.0] AndroidManifest.xml:76:9-86:20
198            android:name="androidx.work.impl.background.systemalarm.ConstraintProxy$BatteryNotLowProxy"
198-->[androidx.work:work-runtime:2.4.0] AndroidManifest.xml:77:13-104
199            android:directBootAware="false"
199-->[androidx.work:work-runtime:2.4.0] AndroidManifest.xml:78:13-44
200            android:enabled="false"
200-->[androidx.work:work-runtime:2.4.0] AndroidManifest.xml:79:13-36
201            android:exported="false" >
201-->[androidx.work:work-runtime:2.4.0] AndroidManifest.xml:80:13-37
202            <intent-filter>
202-->[androidx.work:work-runtime:2.4.0] AndroidManifest.xml:82:13-85:29
203                <action android:name="android.intent.action.BATTERY_OKAY" />
203-->[androidx.work:work-runtime:2.4.0] AndroidManifest.xml:83:17-77
203-->[androidx.work:work-runtime:2.4.0] AndroidManifest.xml:83:25-74
204                <action android:name="android.intent.action.BATTERY_LOW" />
204-->[androidx.work:work-runtime:2.4.0] AndroidManifest.xml:84:17-76
204-->[androidx.work:work-runtime:2.4.0] AndroidManifest.xml:84:25-73
205            </intent-filter>
206        </receiver>
207        <receiver
207-->[androidx.work:work-runtime:2.4.0] AndroidManifest.xml:87:9-97:20
208            android:name="androidx.work.impl.background.systemalarm.ConstraintProxy$StorageNotLowProxy"
208-->[androidx.work:work-runtime:2.4.0] AndroidManifest.xml:88:13-104
209            android:directBootAware="false"
209-->[androidx.work:work-runtime:2.4.0] AndroidManifest.xml:89:13-44
210            android:enabled="false"
210-->[androidx.work:work-runtime:2.4.0] AndroidManifest.xml:90:13-36
211            android:exported="false" >
211-->[androidx.work:work-runtime:2.4.0] AndroidManifest.xml:91:13-37
212            <intent-filter>
212-->[androidx.work:work-runtime:2.4.0] AndroidManifest.xml:93:13-96:29
213                <action android:name="android.intent.action.DEVICE_STORAGE_LOW" />
213-->[androidx.work:work-runtime:2.4.0] AndroidManifest.xml:94:17-83
213-->[androidx.work:work-runtime:2.4.0] AndroidManifest.xml:94:25-80
214                <action android:name="android.intent.action.DEVICE_STORAGE_OK" />
214-->[androidx.work:work-runtime:2.4.0] AndroidManifest.xml:95:17-82
214-->[androidx.work:work-runtime:2.4.0] AndroidManifest.xml:95:25-79
215            </intent-filter>
216        </receiver>
217        <receiver
217-->[androidx.work:work-runtime:2.4.0] AndroidManifest.xml:98:9-107:20
218            android:name="androidx.work.impl.background.systemalarm.ConstraintProxy$NetworkStateProxy"
218-->[androidx.work:work-runtime:2.4.0] AndroidManifest.xml:99:13-103
219            android:directBootAware="false"
219-->[androidx.work:work-runtime:2.4.0] AndroidManifest.xml:100:13-44
220            android:enabled="false"
220-->[androidx.work:work-runtime:2.4.0] AndroidManifest.xml:101:13-36
221            android:exported="false" >
221-->[androidx.work:work-runtime:2.4.0] AndroidManifest.xml:102:13-37
222            <intent-filter>
222-->[androidx.work:work-runtime:2.4.0] AndroidManifest.xml:104:13-106:29
223                <action android:name="android.net.conn.CONNECTIVITY_CHANGE" />
223-->[androidx.work:work-runtime:2.4.0] AndroidManifest.xml:105:17-79
223-->[androidx.work:work-runtime:2.4.0] AndroidManifest.xml:105:25-76
224            </intent-filter>
225        </receiver>
226        <receiver
226-->[androidx.work:work-runtime:2.4.0] AndroidManifest.xml:108:9-119:20
227            android:name="androidx.work.impl.background.systemalarm.RescheduleReceiver"
227-->[androidx.work:work-runtime:2.4.0] AndroidManifest.xml:109:13-88
228            android:directBootAware="false"
228-->[androidx.work:work-runtime:2.4.0] AndroidManifest.xml:110:13-44
229            android:enabled="false"
229-->[androidx.work:work-runtime:2.4.0] AndroidManifest.xml:111:13-36
230            android:exported="false" >
230-->[androidx.work:work-runtime:2.4.0] AndroidManifest.xml:112:13-37
231            <intent-filter>
231-->[androidx.work:work-runtime:2.4.0] AndroidManifest.xml:114:13-118:29
232                <action android:name="android.intent.action.BOOT_COMPLETED" />
232-->[androidx.work:work-runtime:2.4.0] AndroidManifest.xml:115:17-79
232-->[androidx.work:work-runtime:2.4.0] AndroidManifest.xml:115:25-76
233                <action android:name="android.intent.action.TIME_SET" />
233-->[androidx.work:work-runtime:2.4.0] AndroidManifest.xml:116:17-73
233-->[androidx.work:work-runtime:2.4.0] AndroidManifest.xml:116:25-70
234                <action android:name="android.intent.action.TIMEZONE_CHANGED" />
234-->[androidx.work:work-runtime:2.4.0] AndroidManifest.xml:117:17-81
234-->[androidx.work:work-runtime:2.4.0] AndroidManifest.xml:117:25-78
235            </intent-filter>
236        </receiver>
237        <receiver
237-->[androidx.work:work-runtime:2.4.0] AndroidManifest.xml:120:9-129:20
238            android:name="androidx.work.impl.background.systemalarm.ConstraintProxyUpdateReceiver"
238-->[androidx.work:work-runtime:2.4.0] AndroidManifest.xml:121:13-99
239            android:directBootAware="false"
239-->[androidx.work:work-runtime:2.4.0] AndroidManifest.xml:122:13-44
240            android:enabled="@bool/enable_system_alarm_service_default"
240-->[androidx.work:work-runtime:2.4.0] AndroidManifest.xml:123:13-72
241            android:exported="false" >
241-->[androidx.work:work-runtime:2.4.0] AndroidManifest.xml:124:13-37
242            <intent-filter>
242-->[androidx.work:work-runtime:2.4.0] AndroidManifest.xml:126:13-128:29
243                <action android:name="androidx.work.impl.background.systemalarm.UpdateProxies" />
243-->[androidx.work:work-runtime:2.4.0] AndroidManifest.xml:127:17-98
243-->[androidx.work:work-runtime:2.4.0] AndroidManifest.xml:127:25-95
244            </intent-filter>
245        </receiver>
246        <receiver
246-->[androidx.work:work-runtime:2.4.0] AndroidManifest.xml:130:9-140:20
247            android:name="androidx.work.impl.diagnostics.DiagnosticsReceiver"
247-->[androidx.work:work-runtime:2.4.0] AndroidManifest.xml:131:13-78
248            android:directBootAware="false"
248-->[androidx.work:work-runtime:2.4.0] AndroidManifest.xml:132:13-44
249            android:enabled="true"
249-->[androidx.work:work-runtime:2.4.0] AndroidManifest.xml:133:13-35
250            android:exported="true"
250-->[androidx.work:work-runtime:2.4.0] AndroidManifest.xml:134:13-36
251            android:permission="android.permission.DUMP" >
251-->[androidx.work:work-runtime:2.4.0] AndroidManifest.xml:135:13-57
252            <intent-filter>
252-->[androidx.work:work-runtime:2.4.0] AndroidManifest.xml:137:13-139:29
253                <action android:name="androidx.work.diagnostics.REQUEST_DIAGNOSTICS" />
253-->[androidx.work:work-runtime:2.4.0] AndroidManifest.xml:138:17-88
253-->[androidx.work:work-runtime:2.4.0] AndroidManifest.xml:138:25-85
254            </intent-filter>
255        </receiver>
256
257        <service
257-->[androidx.room:room-runtime:2.2.5] AndroidManifest.xml:25:9-28:40
258            android:name="androidx.room.MultiInstanceInvalidationService"
258-->[androidx.room:room-runtime:2.2.5] AndroidManifest.xml:26:13-74
259            android:directBootAware="true"
259-->[androidx.room:room-runtime:2.2.5] AndroidManifest.xml:27:13-43
260            android:exported="false" />
260-->[androidx.room:room-runtime:2.2.5] AndroidManifest.xml:28:13-37
261    </application>
262
263</manifest>